<?xml version="1.0" encoding="UTF-8"?>
<testng-results ignored="0" total="1" passed="1" failed="0" skipped="0">
  <reporter-output>
  </reporter-output>
  <suite started-at="2021-09-28T19:29:46 IST" name="Default suite" finished-at="2021-09-28T19:29:46 IST" duration-ms="184">
    <groups>
    </groups>
    <test started-at="2021-09-28T19:29:46 IST" name="Default test" finished-at="2021-09-28T19:29:46 IST" duration-ms="184">
      <class name="seleniumexp.SeleniumExample$TestHelloworld">
        <test-method signature="testhelloworld()[pri:0, instance:seleniumexp.SeleniumExample$TestHelloworld@306f16f3]" started-at="2021-09-28T19:29:46 IST" name="testhelloworld" finished-at="2021-09-28T19:29:46 IST" duration-ms="21" status="PASS">
          <reporter-output>
          </reporter-output>
        </test-method> <!-- testhelloworld -->
      </class> <!-- seleniumexp.SeleniumExample$TestHelloworld -->
    </test> <!-- Default test -->
  </suite> <!-- Default suite -->
</testng-results>
